<?xml version="1.0" encoding="UTF-8"?>
<coverage generated="1687386494843" clover="3.2.0">
  <project timestamp="1687386494844" name="All files">
    <metrics statements="69" coveredstatements="25" conditionals="19" coveredconditionals="4" methods="24" coveredmethods="5" elements="112" coveredelements="34" complexity="0" loc="69" ncloc="69" packages="9" files="11" classes="11"/>
    <package name="AppEnergiaSolar">
      <metrics statements="20" coveredstatements="5" conditionals="1" coveredconditionals="0" methods="3" coveredmethods="1"/>
      <file name="App.tsx" path="/Users/lucashenrique/Desktop/AppEnergiaSolar/App.tsx">
        <metrics statements="20" coveredstatements="5" conditionals="1" coveredconditionals="0" methods="3" coveredmethods="1"/>
        <line num="10" count="1" type="stmt"/>
        <line num="11" count="1" type="stmt"/>
        <line num="13" count="1" type="cond" truecount="0" falsecount="1"/>
        <line num="14" count="0" type="stmt"/>
        <line num="15" count="0" type="stmt"/>
        <line num="16" count="0" type="stmt"/>
        <line num="22" count="0" type="stmt"/>
        <line num="24" count="0" type="stmt"/>
        <line num="26" count="0" type="stmt"/>
        <line num="28" count="0" type="stmt"/>
        <line num="29" count="0" type="stmt"/>
        <line num="32" count="0" type="stmt"/>
        <line num="34" count="0" type="stmt"/>
        <line num="35" count="0" type="stmt"/>
        <line num="42" count="0" type="stmt"/>
        <line num="44" count="0" type="stmt"/>
        <line num="50" count="0" type="stmt"/>
        <line num="54" count="1" type="stmt"/>
        <line num="55" count="0" type="stmt"/>
        <line num="58" count="1" type="stmt"/>
      </file>
    </package>
    <package name="AppEnergiaSolar.src.components">
      <metrics statements="0" coveredstatements="0" conditionals="0" coveredconditionals="0" methods="0" coveredmethods="0"/>
      <file name="index.ts" path="/Users/lucashenrique/Desktop/AppEnergiaSolar/src/components/index.ts">
        <metrics statements="0" coveredstatements="0" conditionals="0" coveredconditionals="0" methods="0" coveredmethods="0"/>
      </file>
    </package>
    <package name="AppEnergiaSolar.src.components.atoms">
      <metrics statements="0" coveredstatements="0" conditionals="0" coveredconditionals="0" methods="0" coveredmethods="0"/>
      <file name="index.ts" path="/Users/lucashenrique/Desktop/AppEnergiaSolar/src/components/atoms/index.ts">
        <metrics statements="0" coveredstatements="0" conditionals="0" coveredconditionals="0" methods="0" coveredmethods="0"/>
      </file>
    </package>
    <package name="AppEnergiaSolar.src.components.atoms.Dropdown">
      <metrics statements="18" coveredstatements="10" conditionals="12" coveredconditionals="4" methods="8" coveredmethods="3"/>
      <file name="Dropdown.tsx" path="/Users/lucashenrique/Desktop/AppEnergiaSolar/src/components/atoms/Dropdown/Dropdown.tsx">
        <metrics statements="10" coveredstatements="4" conditionals="4" coveredconditionals="2" methods="4" coveredmethods="1"/>
        <line num="16" count="3" type="stmt"/>
        <line num="21" count="3" type="stmt"/>
        <line num="22" count="3" type="stmt"/>
        <line num="24" count="3" type="stmt"/>
        <line num="25" count="0" type="stmt"/>
        <line num="30" count="0" type="stmt"/>
        <line num="31" count="0" type="stmt"/>
        <line num="37" count="0" type="stmt"/>
        <line num="38" count="0" type="stmt"/>
        <line num="39" count="0" type="stmt"/>
      </file>
      <file name="style.ts" path="/Users/lucashenrique/Desktop/AppEnergiaSolar/src/components/atoms/Dropdown/style.ts">
        <metrics statements="8" coveredstatements="6" conditionals="8" coveredconditionals="2" methods="4" coveredmethods="2"/>
        <line num="3" count="3" type="stmt"/>
        <line num="17" count="3" type="cond" truecount="1" falsecount="1"/>
        <line num="18" count="3" type="cond" truecount="1" falsecount="1"/>
        <line num="21" count="3" type="stmt"/>
        <line num="29" count="3" type="stmt"/>
        <line num="40" count="0" type="cond" truecount="0" falsecount="2"/>
        <line num="41" count="0" type="cond" truecount="0" falsecount="2"/>
        <line num="44" count="3" type="stmt"/>
      </file>
    </package>
    <package name="AppEnergiaSolar.src.components.atoms.Group">
      <metrics statements="7" coveredstatements="3" conditionals="4" coveredconditionals="0" methods="4" coveredmethods="0"/>
      <file name="Group.tsx" path="/Users/lucashenrique/Desktop/AppEnergiaSolar/src/components/atoms/Group/Group.tsx">
        <metrics statements="3" coveredstatements="1" conditionals="0" coveredconditionals="0" methods="2" coveredmethods="0"/>
        <line num="11" count="1" type="stmt"/>
        <line num="12" count="0" type="stmt"/>
        <line num="13" count="0" type="stmt"/>
      </file>
      <file name="style.ts" path="/Users/lucashenrique/Desktop/AppEnergiaSolar/src/components/atoms/Group/style.ts">
        <metrics statements="4" coveredstatements="2" conditionals="4" coveredconditionals="0" methods="2" coveredmethods="0"/>
        <line num="6" count="1" type="stmt"/>
        <line num="10" count="0" type="cond" truecount="0" falsecount="2"/>
        <line num="13" count="1" type="stmt"/>
        <line num="14" count="0" type="cond" truecount="0" falsecount="2"/>
      </file>
    </package>
    <package name="AppEnergiaSolar.src.components.molecules">
      <metrics statements="0" coveredstatements="0" conditionals="0" coveredconditionals="0" methods="0" coveredmethods="0"/>
      <file name="index.ts" path="/Users/lucashenrique/Desktop/AppEnergiaSolar/src/components/molecules/index.ts">
        <metrics statements="0" coveredstatements="0" conditionals="0" coveredconditionals="0" methods="0" coveredmethods="0"/>
      </file>
    </package>
    <package name="AppEnergiaSolar.src.components.molecules.Filters">
      <metrics statements="11" coveredstatements="1" conditionals="0" coveredconditionals="0" methods="5" coveredmethods="0"/>
      <file name="Filters.tsx" path="/Users/lucashenrique/Desktop/AppEnergiaSolar/src/components/molecules/Filters/Filters.tsx">
        <metrics statements="11" coveredstatements="1" conditionals="0" coveredconditionals="0" methods="5" coveredmethods="0"/>
        <line num="6" count="1" type="stmt"/>
        <line num="7" count="0" type="stmt"/>
        <line num="9" count="0" type="stmt"/>
        <line num="14" count="0" type="stmt"/>
        <line num="15" count="0" type="stmt"/>
        <line num="22" count="0" type="stmt"/>
        <line num="23" count="0" type="stmt"/>
        <line num="30" count="0" type="stmt"/>
        <line num="31" count="0" type="stmt"/>
        <line num="38" count="0" type="stmt"/>
        <line num="39" count="0" type="stmt"/>
      </file>
    </package>
    <package name="AppEnergiaSolar.src.components.molecules.Header">
      <metrics statements="4" coveredstatements="3" conditionals="0" coveredconditionals="0" methods="2" coveredmethods="1"/>
      <file name="Header.tsx" path="/Users/lucashenrique/Desktop/AppEnergiaSolar/src/components/molecules/Header/Header.tsx">
        <metrics statements="4" coveredstatements="3" conditionals="0" coveredconditionals="0" methods="2" coveredmethods="1"/>
        <line num="5" count="2" type="stmt"/>
        <line num="12" count="2" type="stmt"/>
        <line num="13" count="2" type="stmt"/>
        <line num="23" count="0" type="stmt"/>
      </file>
    </package>
    <package name="AppEnergiaSolar.src.service">
      <metrics statements="9" coveredstatements="3" conditionals="2" coveredconditionals="0" methods="2" coveredmethods="0"/>
      <file name="index.ts" path="/Users/lucashenrique/Desktop/AppEnergiaSolar/src/service/index.ts">
        <metrics statements="9" coveredstatements="3" conditionals="2" coveredconditionals="0" methods="2" coveredmethods="0"/>
        <line num="4" count="1" type="stmt"/>
        <line num="6" count="1" type="stmt"/>
        <line num="8" count="1" type="stmt"/>
        <line num="10" count="0" type="stmt"/>
        <line num="11" count="0" type="stmt"/>
        <line num="14" count="0" type="cond" truecount="0" falsecount="2"/>
        <line num="15" count="0" type="stmt"/>
        <line num="17" count="0" type="stmt"/>
        <line num="23" count="0" type="stmt"/>
      </file>
    </package>
  </project>
</coverage>
