<?xml version="1.0" encoding="UTF-8"?>
<coverage generated="1687420293664" clover="3.2.0">
  <project timestamp="1687420293664" name="All files">
    <metrics statements="36" coveredstatements="27" conditionals="12" coveredconditionals="4" methods="14" coveredmethods="8" elements="62" coveredelements="39" complexity="0" loc="36" ncloc="36" packages="6" files="12" classes="12"/>
    <package name="common">
      <metrics statements="1" coveredstatements="1" conditionals="0" coveredconditionals="0" methods="0" coveredmethods="0"/>
      <file name="index.ts" path="/Users/lucashenrique/Desktop/AppEnergiaSolar/src/common/index.ts">
        <metrics statements="0" coveredstatements="0" conditionals="0" coveredconditionals="0" methods="0" coveredmethods="0"/>
      </file>
      <file name="selectOptions.ts" path="/Users/lucashenrique/Desktop/AppEnergiaSolar/src/common/selectOptions.ts">
        <metrics statements="1" coveredstatements="1" conditionals="0" coveredconditionals="0" methods="0" coveredmethods="0"/>
        <line num="1" count="1" type="stmt"/>
      </file>
    </package>
    <package name="components.atoms.Dropdown">
      <metrics statements="18" coveredstatements="10" conditionals="12" coveredconditionals="4" methods="8" coveredmethods="3"/>
      <file name="Dropdown.tsx" path="/Users/lucashenrique/Desktop/AppEnergiaSolar/src/components/atoms/Dropdown/Dropdown.tsx">
        <metrics statements="10" coveredstatements="4" conditionals="4" coveredconditionals="2" methods="4" coveredmethods="1"/>
        <line num="16" count="2" type="stmt"/>
        <line num="21" count="2" type="stmt"/>
        <line num="22" count="2" type="stmt"/>
        <line num="24" count="2" type="stmt"/>
        <line num="25" count="0" type="stmt"/>
        <line num="30" count="0" type="stmt"/>
        <line num="31" count="0" type="stmt"/>
        <line num="37" count="0" type="stmt"/>
        <line num="38" count="0" type="stmt"/>
        <line num="39" count="0" type="stmt"/>
      </file>
      <file name="style.ts" path="/Users/lucashenrique/Desktop/AppEnergiaSolar/src/components/atoms/Dropdown/style.ts">
        <metrics statements="8" coveredstatements="6" conditionals="8" coveredconditionals="2" methods="4" coveredmethods="2"/>
        <line num="3" count="2" type="stmt"/>
        <line num="17" count="2" type="cond" truecount="1" falsecount="1"/>
        <line num="18" count="2" type="cond" truecount="1" falsecount="1"/>
        <line num="21" count="2" type="stmt"/>
        <line num="29" count="2" type="stmt"/>
        <line num="40" count="0" type="cond" truecount="0" falsecount="2"/>
        <line num="41" count="0" type="cond" truecount="0" falsecount="2"/>
        <line num="44" count="2" type="stmt"/>
      </file>
    </package>
    <package name="components.molecules.GraphicTotalGeneratedEnergyCenterLabel">
      <metrics statements="4" coveredstatements="4" conditionals="0" coveredconditionals="0" methods="1" coveredmethods="1"/>
      <file name="GraphicTotalGeneratedEnergyCenterLabel.tsx" path="/Users/lucashenrique/Desktop/AppEnergiaSolar/src/components/molecules/GraphicTotalGeneratedEnergyCenterLabel/GraphicTotalGeneratedEnergyCenterLabel.tsx">
        <metrics statements="2" coveredstatements="2" conditionals="0" coveredconditionals="0" methods="1" coveredmethods="1"/>
        <line num="9" count="1" type="stmt"/>
        <line num="12" count="1" type="stmt"/>
      </file>
      <file name="style.ts" path="/Users/lucashenrique/Desktop/AppEnergiaSolar/src/components/molecules/GraphicTotalGeneratedEnergyCenterLabel/style.ts">
        <metrics statements="2" coveredstatements="2" conditionals="0" coveredconditionals="0" methods="0" coveredmethods="0"/>
        <line num="3" count="1" type="stmt"/>
        <line num="8" count="1" type="stmt"/>
      </file>
    </package>
    <package name="components.molecules.GraphicTotalGeneratedEnergyDot">
      <metrics statements="4" coveredstatements="4" conditionals="0" coveredconditionals="0" methods="2" coveredmethods="2"/>
      <file name="GraphicTotalGeneratedEnergyDot.tsx" path="/Users/lucashenrique/Desktop/AppEnergiaSolar/src/components/molecules/GraphicTotalGeneratedEnergyDot/GraphicTotalGeneratedEnergyDot.tsx">
        <metrics statements="2" coveredstatements="2" conditionals="0" coveredconditionals="0" methods="1" coveredmethods="1"/>
        <line num="9" count="2" type="stmt"/>
        <line num="10" count="3" type="stmt"/>
      </file>
      <file name="style.ts" path="/Users/lucashenrique/Desktop/AppEnergiaSolar/src/components/molecules/GraphicTotalGeneratedEnergyDot/style.ts">
        <metrics statements="2" coveredstatements="2" conditionals="0" coveredconditionals="0" methods="1" coveredmethods="1"/>
        <line num="3" count="2" type="stmt"/>
        <line num="7" count="3" type="stmt"/>
      </file>
    </package>
    <package name="components.molecules.GraphicTotalGeneratedEnergyLegend">
      <metrics statements="5" coveredstatements="5" conditionals="0" coveredconditionals="0" methods="1" coveredmethods="1"/>
      <file name="GraphicTotalGeneratedEnergyLegend.tsx" path="/Users/lucashenrique/Desktop/AppEnergiaSolar/src/components/molecules/GraphicTotalGeneratedEnergyLegend/GraphicTotalGeneratedEnergyLegend.tsx">
        <metrics statements="2" coveredstatements="2" conditionals="0" coveredconditionals="0" methods="1" coveredmethods="1"/>
        <line num="12" count="1" type="stmt"/>
        <line num="16" count="1" type="stmt"/>
      </file>
      <file name="style.ts" path="/Users/lucashenrique/Desktop/AppEnergiaSolar/src/components/molecules/GraphicTotalGeneratedEnergyLegend/style.ts">
        <metrics statements="3" coveredstatements="3" conditionals="0" coveredconditionals="0" methods="0" coveredmethods="0"/>
        <line num="3" count="1" type="stmt"/>
        <line num="9" count="1" type="stmt"/>
        <line num="16" count="1" type="stmt"/>
      </file>
    </package>
    <package name="components.molecules.Header">
      <metrics statements="4" coveredstatements="3" conditionals="0" coveredconditionals="0" methods="2" coveredmethods="1"/>
      <file name="Header.tsx" path="/Users/lucashenrique/Desktop/AppEnergiaSolar/src/components/molecules/Header/Header.tsx">
        <metrics statements="3" coveredstatements="2" conditionals="0" coveredconditionals="0" methods="2" coveredmethods="1"/>
        <line num="7" count="1" type="stmt"/>
        <line num="8" count="1" type="stmt"/>
        <line num="11" count="0" type="stmt"/>
      </file>
      <file name="style.ts" path="/Users/lucashenrique/Desktop/AppEnergiaSolar/src/components/molecules/Header/style.ts">
        <metrics statements="1" coveredstatements="1" conditionals="0" coveredconditionals="0" methods="0" coveredmethods="0"/>
        <line num="3" count="1" type="stmt"/>
      </file>
    </package>
  </project>
</coverage>
