{"/Users/lucashenrique/Desktop/AppEnergiaSolar/App.tsx": {"path":"/Users/lucashenrique/Desktop/AppEnergiaSolar/App.tsx","statementMap":{"0":{"start":{"line":10,"column":26},"end":{"line":10,"column":38}},"1":{"start":{"line":11,"column":32},"end":{"line":11,"column":46}},"2":{"start":{"line":13,"column":18},"end":{"line":52,"column":8}},"3":{"start":{"line":14,"column":4},"end":{"line":14,"column":21}},"4":{"start":{"line":15,"column":4},"end":{"line":51,"column":5}},"5":{"start":{"line":16,"column":21},"end":{"line":20,"column":8}},"6":{"start":{"line":22,"column":6},"end":{"line":22,"column":24}},"7":{"start":{"line":24,"column":45},"end":{"line":24,"column":54}},"8":{"start":{"line":26,"column":28},"end":{"line":26,"column":29}},"9":{"start":{"line":28,"column":6},"end":{"line":30,"column":7}},"10":{"start":{"line":29,"column":8},"end":{"line":29,"column":49}},"11":{"start":{"line":32,"column":25},"end":{"line":32,"column":27}},"12":{"start":{"line":34,"column":6},"end":{"line":40,"column":7}},"13":{"start":{"line":34,"column":23},"end":{"line":34,"column":24}},"14":{"start":{"line":35,"column":8},"end":{"line":39,"column":11}},"15":{"start":{"line":42,"column":6},"end":{"line":42,"column":28}},"16":{"start":{"line":44,"column":6},"end":{"line":44,"column":24}},"17":{"start":{"line":50,"column":6},"end":{"line":50,"column":25}},"18":{"start":{"line":54,"column":2},"end":{"line":56,"column":16}},"19":{"start":{"line":55,"column":4},"end":{"line":55,"column":14}},"20":{"start":{"line":58,"column":2},"end":{"line":68,"column":4}}},"fnMap":{"0":{"name":"App","decl":{"start":{"line":9,"column":9},"end":{"line":9,"column":12}},"loc":{"start":{"line":9,"column":28},"end":{"line":69,"column":1}},"line":9},"1":{"name":"(anonymous_1)","decl":{"start":{"line":13,"column":30},"end":{"line":13,"column":31}},"loc":{"start":{"line":13,"column":69},"end":{"line":52,"column":3}},"line":13},"2":{"name":"(anonymous_2)","decl":{"start":{"line":54,"column":12},"end":{"line":54,"column":13}},"loc":{"start":{"line":54,"column":18},"end":{"line":56,"column":3}},"line":54}},"branchMap":{"0":{"loc":{"start":{"line":13,"column":37},"end":{"line":13,"column":64}},"type":"default-arg","locations":[{"start":{"line":13,"column":56},"end":{"line":13,"column":64}}],"line":13}},"s":{"0":1,"1":1,"2":1,"3":0,"4":0,"5":0,"6":0,"7":0,"8":0,"9":0,"10":0,"11":0,"12":0,"13":0,"14":0,"15":0,"16":0,"17":0,"18":1,"19":0,"20":1},"f":{"0":1,"1":0,"2":0},"b":{"0":[0]},"_coverageSchema":"1a1c01bbd47fc00a2c39e90264f33305004495a9","hash":"19e7471f88535772157d6adb224551e2f5e1a54c"}
,"/Users/lucashenrique/Desktop/AppEnergiaSolar/src/components/index.ts": {"path":"/Users/lucashenrique/Desktop/AppEnergiaSolar/src/components/index.ts","statementMap":{},"fnMap":{},"branchMap":{},"s":{},"f":{},"b":{},"_coverageSchema":"1a1c01bbd47fc00a2c39e90264f33305004495a9","hash":"4debef0d77f19e01ee4dfeaeeef17d10ed9d3bec"}
,"/Users/lucashenrique/Desktop/AppEnergiaSolar/src/components/atoms/index.ts": {"path":"/Users/lucashenrique/Desktop/AppEnergiaSolar/src/components/atoms/index.ts","statementMap":{},"fnMap":{},"branchMap":{},"s":{},"f":{},"b":{},"_coverageSchema":"1a1c01bbd47fc00a2c39e90264f33305004495a9","hash":"686320cd776e2408517784cf7800c3ec490a348c"}
,"/Users/lucashenrique/Desktop/AppEnergiaSolar/src/components/atoms/Dropdown/Dropdown.tsx": {"path":"/Users/lucashenrique/Desktop/AppEnergiaSolar/src/components/atoms/Dropdown/Dropdown.tsx","statementMap":{"0":{"start":{"line":16,"column":24},"end":{"line":50,"column":1}},"1":{"start":{"line":21,"column":32},"end":{"line":21,"column":47}},"2":{"start":{"line":22,"column":26},"end":{"line":22,"column":41}},"3":{"start":{"line":24,"column":2},"end":{"line":49,"column":4}},"4":{"start":{"line":25,"column":38},"end":{"line":25,"column":58}},"5":{"start":{"line":30,"column":27},"end":{"line":30,"column":52}},"6":{"start":{"line":31,"column":12},"end":{"line":44,"column":14}},"7":{"start":{"line":37,"column":20},"end":{"line":37,"column":39}},"8":{"start":{"line":38,"column":20},"end":{"line":38,"column":38}},"9":{"start":{"line":39,"column":20},"end":{"line":39,"column":35}}},"fnMap":{"0":{"name":"(anonymous_0)","decl":{"start":{"line":16,"column":24},"end":{"line":16,"column":25}},"loc":{"start":{"line":20,"column":21},"end":{"line":50,"column":1}},"line":20},"1":{"name":"(anonymous_1)","decl":{"start":{"line":25,"column":32},"end":{"line":25,"column":33}},"loc":{"start":{"line":25,"column":38},"end":{"line":25,"column":58}},"line":25},"2":{"name":"(anonymous_2)","decl":{"start":{"line":29,"column":20},"end":{"line":29,"column":21}},"loc":{"start":{"line":29,"column":36},"end":{"line":45,"column":11}},"line":29},"3":{"name":"(anonymous_3)","decl":{"start":{"line":36,"column":27},"end":{"line":36,"column":28}},"loc":{"start":{"line":36,"column":33},"end":{"line":40,"column":19}},"line":36}},"branchMap":{"0":{"loc":{"start":{"line":17,"column":2},"end":{"line":17,"column":11}},"type":"default-arg","locations":[{"start":{"line":17,"column":9},"end":{"line":17,"column":11}}],"line":17},"1":{"loc":{"start":{"line":18,"column":2},"end":{"line":18,"column":19}},"type":"default-arg","locations":[{"start":{"line":18,"column":10},"end":{"line":18,"column":19}}],"line":18},"2":{"loc":{"start":{"line":27,"column":7},"end":{"line":47,"column":7}},"type":"binary-expr","locations":[{"start":{"line":27,"column":7},"end":{"line":27,"column":14}},{"start":{"line":28,"column":8},"end":{"line":46,"column":24}}],"line":27}},"s":{"0":3,"1":3,"2":3,"3":3,"4":0,"5":0,"6":0,"7":0,"8":0,"9":0},"f":{"0":3,"1":0,"2":0,"3":0},"b":{"0":[0],"1":[2],"2":[3,0]},"_coverageSchema":"1a1c01bbd47fc00a2c39e90264f33305004495a9","hash":"b3d2d5a762a1ea6afe3db6da7b0bba779ae8191b"}
,"/Users/lucashenrique/Desktop/AppEnergiaSolar/src/components/atoms/Dropdown/style.ts": {"path":"/Users/lucashenrique/Desktop/AppEnergiaSolar/src/components/atoms/Dropdown/style.ts","statementMap":{"0":{"start":{"line":3,"column":33},"end":{"line":19,"column":1}},"1":{"start":{"line":17,"column":40},"end":{"line":17,"column":62}},"2":{"start":{"line":18,"column":42},"end":{"line":18,"column":64}},"3":{"start":{"line":21,"column":29},"end":{"line":27,"column":1}},"4":{"start":{"line":29,"column":41},"end":{"line":42,"column":1}},"5":{"start":{"line":40,"column":40},"end":{"line":40,"column":62}},"6":{"start":{"line":41,"column":42},"end":{"line":41,"column":64}},"7":{"start":{"line":44,"column":20},"end":{"line":47,"column":1}}},"fnMap":{"0":{"name":"(anonymous_0)","decl":{"start":{"line":17,"column":30},"end":{"line":17,"column":31}},"loc":{"start":{"line":17,"column":40},"end":{"line":17,"column":62}},"line":17},"1":{"name":"(anonymous_1)","decl":{"start":{"line":18,"column":32},"end":{"line":18,"column":33}},"loc":{"start":{"line":18,"column":42},"end":{"line":18,"column":64}},"line":18},"2":{"name":"(anonymous_2)","decl":{"start":{"line":40,"column":30},"end":{"line":40,"column":31}},"loc":{"start":{"line":40,"column":40},"end":{"line":40,"column":62}},"line":40},"3":{"name":"(anonymous_3)","decl":{"start":{"line":41,"column":32},"end":{"line":41,"column":33}},"loc":{"start":{"line":41,"column":42},"end":{"line":41,"column":64}},"line":41}},"branchMap":{"0":{"loc":{"start":{"line":17,"column":40},"end":{"line":17,"column":62}},"type":"cond-expr","locations":[{"start":{"line":17,"column":57},"end":{"line":17,"column":58}},{"start":{"line":17,"column":61},"end":{"line":17,"column":62}}],"line":17},"1":{"loc":{"start":{"line":18,"column":42},"end":{"line":18,"column":64}},"type":"cond-expr","locations":[{"start":{"line":18,"column":59},"end":{"line":18,"column":60}},{"start":{"line":18,"column":63},"end":{"line":18,"column":64}}],"line":18},"2":{"loc":{"start":{"line":40,"column":40},"end":{"line":40,"column":62}},"type":"cond-expr","locations":[{"start":{"line":40,"column":57},"end":{"line":40,"column":58}},{"start":{"line":40,"column":61},"end":{"line":40,"column":62}}],"line":40},"3":{"loc":{"start":{"line":41,"column":42},"end":{"line":41,"column":64}},"type":"cond-expr","locations":[{"start":{"line":41,"column":59},"end":{"line":41,"column":60}},{"start":{"line":41,"column":63},"end":{"line":41,"column":64}}],"line":41}},"s":{"0":3,"1":3,"2":3,"3":3,"4":3,"5":0,"6":0,"7":3},"f":{"0":3,"1":3,"2":0,"3":0},"b":{"0":[3,0],"1":[3,0],"2":[0,0],"3":[0,0]},"_coverageSchema":"1a1c01bbd47fc00a2c39e90264f33305004495a9","hash":"845c84bdb95133f39f52a48545238968d0e67904"}
,"/Users/lucashenrique/Desktop/AppEnergiaSolar/src/components/atoms/Group/Group.tsx": {"path":"/Users/lucashenrique/Desktop/AppEnergiaSolar/src/components/atoms/Group/Group.tsx","statementMap":{"0":{"start":{"line":11,"column":21},"end":{"line":17,"column":1}},"1":{"start":{"line":12,"column":2},"end":{"line":16,"column":4}},"2":{"start":{"line":13,"column":46},"end":{"line":13,"column":55}}},"fnMap":{"0":{"name":"(anonymous_0)","decl":{"start":{"line":11,"column":21},"end":{"line":11,"column":22}},"loc":{"start":{"line":11,"column":66},"end":{"line":17,"column":1}},"line":11},"1":{"name":"(anonymous_1)","decl":{"start":{"line":13,"column":40},"end":{"line":13,"column":41}},"loc":{"start":{"line":13,"column":46},"end":{"line":13,"column":55}},"line":13}},"branchMap":{},"s":{"0":1,"1":0,"2":0},"f":{"0":0,"1":0},"b":{},"_coverageSchema":"1a1c01bbd47fc00a2c39e90264f33305004495a9","hash":"ab4d78b3f1614c14d22cfcbd694c2c22a14a2368"}
,"/Users/lucashenrique/Desktop/AppEnergiaSolar/src/components/atoms/Group/style.ts": {"path":"/Users/lucashenrique/Desktop/AppEnergiaSolar/src/components/atoms/Group/style.ts","statementMap":{"0":{"start":{"line":6,"column":25},"end":{"line":11,"column":1}},"1":{"start":{"line":10,"column":37},"end":{"line":10,"column":69}},"2":{"start":{"line":13,"column":20},"end":{"line":15,"column":1}},"3":{"start":{"line":14,"column":26},"end":{"line":14,"column":53}}},"fnMap":{"0":{"name":"(anonymous_0)","decl":{"start":{"line":10,"column":22},"end":{"line":10,"column":23}},"loc":{"start":{"line":10,"column":37},"end":{"line":10,"column":69}},"line":10},"1":{"name":"(anonymous_1)","decl":{"start":{"line":14,"column":11},"end":{"line":14,"column":12}},"loc":{"start":{"line":14,"column":26},"end":{"line":14,"column":53}},"line":14}},"branchMap":{"0":{"loc":{"start":{"line":10,"column":37},"end":{"line":10,"column":69}},"type":"cond-expr","locations":[{"start":{"line":10,"column":46},"end":{"line":10,"column":55}},{"start":{"line":10,"column":58},"end":{"line":10,"column":69}}],"line":10},"1":{"loc":{"start":{"line":14,"column":26},"end":{"line":14,"column":53}},"type":"cond-expr","locations":[{"start":{"line":14,"column":35},"end":{"line":14,"column":41}},{"start":{"line":14,"column":44},"end":{"line":14,"column":53}}],"line":14}},"s":{"0":1,"1":0,"2":1,"3":0},"f":{"0":0,"1":0},"b":{"0":[0,0],"1":[0,0]},"_coverageSchema":"1a1c01bbd47fc00a2c39e90264f33305004495a9","hash":"8cf515b9d7e7dc4483d0da1c229465aac99c04ae"}
,"/Users/lucashenrique/Desktop/AppEnergiaSolar/src/components/molecules/index.ts": {"path":"/Users/lucashenrique/Desktop/AppEnergiaSolar/src/components/molecules/index.ts","statementMap":{},"fnMap":{},"branchMap":{},"s":{},"f":{},"b":{},"_coverageSchema":"1a1c01bbd47fc00a2c39e90264f33305004495a9","hash":"eff7052549b198c9a596905638fbe941af86c002"}
,"/Users/lucashenrique/Desktop/AppEnergiaSolar/src/components/molecules/Filters/Filters.tsx": {"path":"/Users/lucashenrique/Desktop/AppEnergiaSolar/src/components/molecules/Filters/Filters.tsx","statementMap":{"0":{"start":{"line":6,"column":23},"end":{"line":45,"column":1}},"1":{"start":{"line":7,"column":34},"end":{"line":7,"column":47}},"2":{"start":{"line":9,"column":2},"end":{"line":44,"column":4}},"3":{"start":{"line":14,"column":10},"end":{"line":14,"column":28}},"4":{"start":{"line":15,"column":10},"end":{"line":15,"column":27}},"5":{"start":{"line":22,"column":10},"end":{"line":22,"column":27}},"6":{"start":{"line":23,"column":10},"end":{"line":23,"column":27}},"7":{"start":{"line":30,"column":10},"end":{"line":30,"column":29}},"8":{"start":{"line":31,"column":10},"end":{"line":31,"column":27}},"9":{"start":{"line":38,"column":10},"end":{"line":38,"column":28}},"10":{"start":{"line":39,"column":10},"end":{"line":39,"column":27}}},"fnMap":{"0":{"name":"(anonymous_0)","decl":{"start":{"line":6,"column":23},"end":{"line":6,"column":24}},"loc":{"start":{"line":6,"column":43},"end":{"line":45,"column":1}},"line":6},"1":{"name":"(anonymous_1)","decl":{"start":{"line":13,"column":17},"end":{"line":13,"column":18}},"loc":{"start":{"line":13,"column":23},"end":{"line":16,"column":9}},"line":13},"2":{"name":"(anonymous_2)","decl":{"start":{"line":21,"column":17},"end":{"line":21,"column":18}},"loc":{"start":{"line":21,"column":23},"end":{"line":24,"column":9}},"line":21},"3":{"name":"(anonymous_3)","decl":{"start":{"line":29,"column":17},"end":{"line":29,"column":18}},"loc":{"start":{"line":29,"column":23},"end":{"line":32,"column":9}},"line":29},"4":{"name":"(anonymous_4)","decl":{"start":{"line":37,"column":17},"end":{"line":37,"column":18}},"loc":{"start":{"line":37,"column":23},"end":{"line":40,"column":9}},"line":37}},"branchMap":{},"s":{"0":1,"1":0,"2":0,"3":0,"4":0,"5":0,"6":0,"7":0,"8":0,"9":0,"10":0},"f":{"0":0,"1":0,"2":0,"3":0,"4":0},"b":{},"_coverageSchema":"1a1c01bbd47fc00a2c39e90264f33305004495a9","hash":"2d13860315c1bbbbd717b5fd7a0be20f60cf3c48"}
,"/Users/lucashenrique/Desktop/AppEnergiaSolar/src/components/molecules/Header/Header.tsx": {"path":"/Users/lucashenrique/Desktop/AppEnergiaSolar/src/components/molecules/Header/Header.tsx","statementMap":{"0":{"start":{"line":5,"column":13},"end":{"line":10,"column":1}},"1":{"start":{"line":12,"column":22},"end":{"line":26,"column":1}},"2":{"start":{"line":13,"column":2},"end":{"line":25,"column":4}},"3":{"start":{"line":23,"column":46},"end":{"line":23,"column":63}}},"fnMap":{"0":{"name":"(anonymous_0)","decl":{"start":{"line":12,"column":22},"end":{"line":12,"column":23}},"loc":{"start":{"line":12,"column":28},"end":{"line":26,"column":1}},"line":12},"1":{"name":"(anonymous_1)","decl":{"start":{"line":23,"column":38},"end":{"line":23,"column":39}},"loc":{"start":{"line":23,"column":46},"end":{"line":23,"column":63}},"line":23}},"branchMap":{},"s":{"0":2,"1":2,"2":2,"3":0},"f":{"0":2,"1":0},"b":{},"_coverageSchema":"1a1c01bbd47fc00a2c39e90264f33305004495a9","hash":"e44f14135a6fa23504836a4ef86af35a2a346455"}
,"/Users/lucashenrique/Desktop/AppEnergiaSolar/src/service/index.ts": {"path":"/Users/lucashenrique/Desktop/AppEnergiaSolar/src/service/index.ts","statementMap":{"0":{"start":{"line":4,"column":2},"end":{"line":4,"column":102}},"1":{"start":{"line":6,"column":12},"end":{"line":6,"column":40}},"2":{"start":{"line":8,"column":0},"end":{"line":25,"column":2}},"3":{"start":{"line":10,"column":18},"end":{"line":10,"column":56}},"4":{"start":{"line":11,"column":20},"end":{"line":13,"column":5}},"5":{"start":{"line":14,"column":4},"end":{"line":16,"column":5}},"6":{"start":{"line":15,"column":6},"end":{"line":15,"column":48}},"7":{"start":{"line":17,"column":4},"end":{"line":20,"column":6}},"8":{"start":{"line":23,"column":4},"end":{"line":23,"column":23}}},"fnMap":{"0":{"name":"(anonymous_0)","decl":{"start":{"line":9,"column":2},"end":{"line":9,"column":3}},"loc":{"start":{"line":9,"column":19},"end":{"line":21,"column":3}},"line":9},"1":{"name":"(anonymous_1)","decl":{"start":{"line":22,"column":2},"end":{"line":22,"column":3}},"loc":{"start":{"line":22,"column":11},"end":{"line":24,"column":3}},"line":22}},"branchMap":{"0":{"loc":{"start":{"line":14,"column":4},"end":{"line":16,"column":5}},"type":"if","locations":[{"start":{"line":14,"column":4},"end":{"line":16,"column":5}},{"start":{},"end":{}}],"line":14}},"s":{"0":1,"1":1,"2":1,"3":0,"4":0,"5":0,"6":0,"7":0,"8":0},"f":{"0":0,"1":0},"b":{"0":[0,0]},"_coverageSchema":"1a1c01bbd47fc00a2c39e90264f33305004495a9","hash":"428f751f24786115f833a19a5163f3cafa75d4d0"}
}
