{"/Users/lucashenrique/Desktop/AppEnergiaSolar/src/common/index.ts": {"path":"/Users/lucashenrique/Desktop/AppEnergiaSolar/src/common/index.ts","statementMap":{},"fnMap":{},"branchMap":{},"s":{},"f":{},"b":{},"_coverageSchema":"1a1c01bbd47fc00a2c39e90264f33305004495a9","hash":"84360fd35eb827bae626223cfdf0adeadb3854ab"}
,"/Users/lucashenrique/Desktop/AppEnergiaSolar/src/common/selectOptions.ts": {"path":"/Users/lucashenrique/Desktop/AppEnergiaSolar/src/common/selectOptions.ts","statementMap":{"0":{"start":{"line":1,"column":29},"end":{"line":6,"column":1}}},"fnMap":{},"branchMap":{},"s":{"0":1},"f":{},"b":{},"_coverageSchema":"1a1c01bbd47fc00a2c39e90264f33305004495a9","hash":"45c97655f726f38f79b6396c4623d3f4cf70de9c"}
,"/Users/lucashenrique/Desktop/AppEnergiaSolar/src/components/atoms/Dropdown/Dropdown.tsx": {"path":"/Users/lucashenrique/Desktop/AppEnergiaSolar/src/components/atoms/Dropdown/Dropdown.tsx","statementMap":{"0":{"start":{"line":16,"column":24},"end":{"line":50,"column":1}},"1":{"start":{"line":21,"column":32},"end":{"line":21,"column":47}},"2":{"start":{"line":22,"column":26},"end":{"line":22,"column":41}},"3":{"start":{"line":24,"column":2},"end":{"line":49,"column":4}},"4":{"start":{"line":25,"column":38},"end":{"line":25,"column":58}},"5":{"start":{"line":30,"column":27},"end":{"line":30,"column":52}},"6":{"start":{"line":31,"column":12},"end":{"line":44,"column":14}},"7":{"start":{"line":37,"column":20},"end":{"line":37,"column":39}},"8":{"start":{"line":38,"column":20},"end":{"line":38,"column":38}},"9":{"start":{"line":39,"column":20},"end":{"line":39,"column":35}}},"fnMap":{"0":{"name":"(anonymous_0)","decl":{"start":{"line":16,"column":24},"end":{"line":16,"column":25}},"loc":{"start":{"line":20,"column":21},"end":{"line":50,"column":1}},"line":20},"1":{"name":"(anonymous_1)","decl":{"start":{"line":25,"column":32},"end":{"line":25,"column":33}},"loc":{"start":{"line":25,"column":38},"end":{"line":25,"column":58}},"line":25},"2":{"name":"(anonymous_2)","decl":{"start":{"line":29,"column":20},"end":{"line":29,"column":21}},"loc":{"start":{"line":29,"column":36},"end":{"line":45,"column":11}},"line":29},"3":{"name":"(anonymous_3)","decl":{"start":{"line":36,"column":27},"end":{"line":36,"column":28}},"loc":{"start":{"line":36,"column":33},"end":{"line":40,"column":19}},"line":36}},"branchMap":{"0":{"loc":{"start":{"line":17,"column":2},"end":{"line":17,"column":11}},"type":"default-arg","locations":[{"start":{"line":17,"column":9},"end":{"line":17,"column":11}}],"line":17},"1":{"loc":{"start":{"line":18,"column":2},"end":{"line":18,"column":19}},"type":"default-arg","locations":[{"start":{"line":18,"column":10},"end":{"line":18,"column":19}}],"line":18},"2":{"loc":{"start":{"line":27,"column":7},"end":{"line":47,"column":7}},"type":"binary-expr","locations":[{"start":{"line":27,"column":7},"end":{"line":27,"column":14}},{"start":{"line":28,"column":8},"end":{"line":46,"column":24}}],"line":27}},"s":{"0":2,"1":2,"2":2,"3":2,"4":0,"5":0,"6":0,"7":0,"8":0,"9":0},"f":{"0":2,"1":0,"2":0,"3":0},"b":{"0":[0],"1":[1],"2":[2,0]},"_coverageSchema":"1a1c01bbd47fc00a2c39e90264f33305004495a9","hash":"b3d2d5a762a1ea6afe3db6da7b0bba779ae8191b"}
,"/Users/lucashenrique/Desktop/AppEnergiaSolar/src/components/atoms/Dropdown/style.ts": {"path":"/Users/lucashenrique/Desktop/AppEnergiaSolar/src/components/atoms/Dropdown/style.ts","statementMap":{"0":{"start":{"line":3,"column":33},"end":{"line":19,"column":1}},"1":{"start":{"line":17,"column":40},"end":{"line":17,"column":62}},"2":{"start":{"line":18,"column":42},"end":{"line":18,"column":64}},"3":{"start":{"line":21,"column":29},"end":{"line":27,"column":1}},"4":{"start":{"line":29,"column":41},"end":{"line":42,"column":1}},"5":{"start":{"line":40,"column":40},"end":{"line":40,"column":62}},"6":{"start":{"line":41,"column":42},"end":{"line":41,"column":64}},"7":{"start":{"line":44,"column":20},"end":{"line":47,"column":1}}},"fnMap":{"0":{"name":"(anonymous_0)","decl":{"start":{"line":17,"column":30},"end":{"line":17,"column":31}},"loc":{"start":{"line":17,"column":40},"end":{"line":17,"column":62}},"line":17},"1":{"name":"(anonymous_1)","decl":{"start":{"line":18,"column":32},"end":{"line":18,"column":33}},"loc":{"start":{"line":18,"column":42},"end":{"line":18,"column":64}},"line":18},"2":{"name":"(anonymous_2)","decl":{"start":{"line":40,"column":30},"end":{"line":40,"column":31}},"loc":{"start":{"line":40,"column":40},"end":{"line":40,"column":62}},"line":40},"3":{"name":"(anonymous_3)","decl":{"start":{"line":41,"column":32},"end":{"line":41,"column":33}},"loc":{"start":{"line":41,"column":42},"end":{"line":41,"column":64}},"line":41}},"branchMap":{"0":{"loc":{"start":{"line":17,"column":40},"end":{"line":17,"column":62}},"type":"cond-expr","locations":[{"start":{"line":17,"column":57},"end":{"line":17,"column":58}},{"start":{"line":17,"column":61},"end":{"line":17,"column":62}}],"line":17},"1":{"loc":{"start":{"line":18,"column":42},"end":{"line":18,"column":64}},"type":"cond-expr","locations":[{"start":{"line":18,"column":59},"end":{"line":18,"column":60}},{"start":{"line":18,"column":63},"end":{"line":18,"column":64}}],"line":18},"2":{"loc":{"start":{"line":40,"column":40},"end":{"line":40,"column":62}},"type":"cond-expr","locations":[{"start":{"line":40,"column":57},"end":{"line":40,"column":58}},{"start":{"line":40,"column":61},"end":{"line":40,"column":62}}],"line":40},"3":{"loc":{"start":{"line":41,"column":42},"end":{"line":41,"column":64}},"type":"cond-expr","locations":[{"start":{"line":41,"column":59},"end":{"line":41,"column":60}},{"start":{"line":41,"column":63},"end":{"line":41,"column":64}}],"line":41}},"s":{"0":2,"1":2,"2":2,"3":2,"4":2,"5":0,"6":0,"7":2},"f":{"0":2,"1":2,"2":0,"3":0},"b":{"0":[2,0],"1":[2,0],"2":[0,0],"3":[0,0]},"_coverageSchema":"1a1c01bbd47fc00a2c39e90264f33305004495a9","hash":"845c84bdb95133f39f52a48545238968d0e67904"}
,"/Users/lucashenrique/Desktop/AppEnergiaSolar/src/components/molecules/GraphicTotalGeneratedEnergyCenterLabel/GraphicTotalGeneratedEnergyCenterLabel.tsx": {"path":"/Users/lucashenrique/Desktop/AppEnergiaSolar/src/components/molecules/GraphicTotalGeneratedEnergyCenterLabel/GraphicTotalGeneratedEnergyCenterLabel.tsx","statementMap":{"0":{"start":{"line":9,"column":54},"end":{"line":18,"column":1}},"1":{"start":{"line":12,"column":2},"end":{"line":17,"column":4}}},"fnMap":{"0":{"name":"(anonymous_0)","decl":{"start":{"line":9,"column":54},"end":{"line":9,"column":55}},"loc":{"start":{"line":11,"column":51},"end":{"line":18,"column":1}},"line":11}},"branchMap":{},"s":{"0":1,"1":1},"f":{"0":1},"b":{},"_coverageSchema":"1a1c01bbd47fc00a2c39e90264f33305004495a9","hash":"6c72493dd32ef9c29698715841456cf1aaf19fe4"}
,"/Users/lucashenrique/Desktop/AppEnergiaSolar/src/components/molecules/GraphicTotalGeneratedEnergyCenterLabel/style.ts": {"path":"/Users/lucashenrique/Desktop/AppEnergiaSolar/src/components/molecules/GraphicTotalGeneratedEnergyCenterLabel/style.ts","statementMap":{"0":{"start":{"line":3,"column":25},"end":{"line":6,"column":1}},"1":{"start":{"line":8,"column":20},"end":{"line":12,"column":1}}},"fnMap":{},"branchMap":{},"s":{"0":1,"1":1},"f":{},"b":{},"_coverageSchema":"1a1c01bbd47fc00a2c39e90264f33305004495a9","hash":"a80aac0d650cc26f4d11991cf9cacb3d00f7acce"}
,"/Users/lucashenrique/Desktop/AppEnergiaSolar/src/components/molecules/GraphicTotalGeneratedEnergyDot/GraphicTotalGeneratedEnergyDot.tsx": {"path":"/Users/lucashenrique/Desktop/AppEnergiaSolar/src/components/molecules/GraphicTotalGeneratedEnergyDot/GraphicTotalGeneratedEnergyDot.tsx","statementMap":{"0":{"start":{"line":9,"column":46},"end":{"line":11,"column":1}},"1":{"start":{"line":10,"column":2},"end":{"line":10,"column":31}}},"fnMap":{"0":{"name":"(anonymous_0)","decl":{"start":{"line":9,"column":46},"end":{"line":9,"column":47}},"loc":{"start":{"line":9,"column":76},"end":{"line":11,"column":1}},"line":9}},"branchMap":{},"s":{"0":2,"1":3},"f":{"0":3},"b":{},"_coverageSchema":"1a1c01bbd47fc00a2c39e90264f33305004495a9","hash":"0259e136cd79899e0fd838a22e4df954d5f6e811"}
,"/Users/lucashenrique/Desktop/AppEnergiaSolar/src/components/molecules/GraphicTotalGeneratedEnergyDot/style.ts": {"path":"/Users/lucashenrique/Desktop/AppEnergiaSolar/src/components/molecules/GraphicTotalGeneratedEnergyDot/style.ts","statementMap":{"0":{"start":{"line":3,"column":19},"end":{"line":9,"column":1}},"1":{"start":{"line":7,"column":31},"end":{"line":7,"column":42}}},"fnMap":{"0":{"name":"(anonymous_0)","decl":{"start":{"line":7,"column":22},"end":{"line":7,"column":23}},"loc":{"start":{"line":7,"column":31},"end":{"line":7,"column":42}},"line":7}},"branchMap":{},"s":{"0":2,"1":3},"f":{"0":3},"b":{},"_coverageSchema":"1a1c01bbd47fc00a2c39e90264f33305004495a9","hash":"efdba8b2f4974f157c77d36696e2f35dd64d6466"}
,"/Users/lucashenrique/Desktop/AppEnergiaSolar/src/components/molecules/GraphicTotalGeneratedEnergyLegend/GraphicTotalGeneratedEnergyLegend.tsx": {"path":"/Users/lucashenrique/Desktop/AppEnergiaSolar/src/components/molecules/GraphicTotalGeneratedEnergyLegend/GraphicTotalGeneratedEnergyLegend.tsx","statementMap":{"0":{"start":{"line":12,"column":49},"end":{"line":28,"column":1}},"1":{"start":{"line":16,"column":2},"end":{"line":27,"column":4}}},"fnMap":{"0":{"name":"(anonymous_0)","decl":{"start":{"line":12,"column":49},"end":{"line":12,"column":50}},"loc":{"start":{"line":15,"column":46},"end":{"line":28,"column":1}},"line":15}},"branchMap":{},"s":{"0":1,"1":1},"f":{"0":1},"b":{},"_coverageSchema":"1a1c01bbd47fc00a2c39e90264f33305004495a9","hash":"d1fc24eb7412352c2b41af85a58cbea607efd16b"}
,"/Users/lucashenrique/Desktop/AppEnergiaSolar/src/components/molecules/GraphicTotalGeneratedEnergyLegend/style.ts": {"path":"/Users/lucashenrique/Desktop/AppEnergiaSolar/src/components/molecules/GraphicTotalGeneratedEnergyLegend/style.ts","statementMap":{"0":{"start":{"line":3,"column":25},"end":{"line":7,"column":1}},"1":{"start":{"line":9,"column":37},"end":{"line":14,"column":1}},"2":{"start":{"line":16,"column":20},"end":{"line":18,"column":1}}},"fnMap":{},"branchMap":{},"s":{"0":1,"1":1,"2":1},"f":{},"b":{},"_coverageSchema":"1a1c01bbd47fc00a2c39e90264f33305004495a9","hash":"c19150c6fd7c4e1955b486fb898836965284f54f"}
,"/Users/lucashenrique/Desktop/AppEnergiaSolar/src/components/molecules/Header/Header.tsx": {"path":"/Users/lucashenrique/Desktop/AppEnergiaSolar/src/components/molecules/Header/Header.tsx","statementMap":{"0":{"start":{"line":7,"column":22},"end":{"line":14,"column":1}},"1":{"start":{"line":8,"column":2},"end":{"line":13,"column":4}},"2":{"start":{"line":11,"column":55},"end":{"line":11,"column":72}}},"fnMap":{"0":{"name":"(anonymous_0)","decl":{"start":{"line":7,"column":22},"end":{"line":7,"column":23}},"loc":{"start":{"line":7,"column":28},"end":{"line":14,"column":1}},"line":7},"1":{"name":"(anonymous_1)","decl":{"start":{"line":11,"column":47},"end":{"line":11,"column":48}},"loc":{"start":{"line":11,"column":55},"end":{"line":11,"column":72}},"line":11}},"branchMap":{},"s":{"0":1,"1":1,"2":0},"f":{"0":1,"1":0},"b":{},"_coverageSchema":"1a1c01bbd47fc00a2c39e90264f33305004495a9","hash":"f37284744f3f67ba0cf6dc1ee7ec8ea93eb2249b"}
,"/Users/lucashenrique/Desktop/AppEnergiaSolar/src/components/molecules/Header/style.ts": {"path":"/Users/lucashenrique/Desktop/AppEnergiaSolar/src/components/molecules/Header/style.ts","statementMap":{"0":{"start":{"line":3,"column":25},"end":{"line":13,"column":1}}},"fnMap":{},"branchMap":{},"s":{"0":1},"f":{},"b":{},"_coverageSchema":"1a1c01bbd47fc00a2c39e90264f33305004495a9","hash":"3765afe1201c04b315c586c84d9b390413c82491"}
}
