TN:
SF:src/common/index.ts
FNF:0
FNH:0
LF:0
LH:0
BRF:0
BRH:0
end_of_record
TN:
SF:src/common/selectOptions.ts
FNF:0
FNH:0
DA:1,1
LF:1
LH:1
BRF:0
BRH:0
end_of_record
TN:
SF:src/components/atoms/Dropdown/Dropdown.tsx
FN:16,(anonymous_0)
FN:25,(anonymous_1)
FN:29,(anonymous_2)
FN:36,(anonymous_3)
FNF:4
FNH:1
FNDA:2,(anonymous_0)
FNDA:0,(anonymous_1)
FNDA:0,(anonymous_2)
FNDA:0,(anonymous_3)
DA:16,2
DA:21,2
DA:22,2
DA:24,2
DA:25,0
DA:30,0
DA:31,0
DA:37,0
DA:38,0
DA:39,0
LF:10
LH:4
BRDA:17,0,0,0
BRDA:18,1,0,1
BRDA:27,2,0,2
BRDA:27,2,1,0
BRF:4
BRH:2
end_of_record
TN:
SF:src/components/atoms/Dropdown/style.ts
FN:17,(anonymous_0)
FN:18,(anonymous_1)
FN:40,(anonymous_2)
FN:41,(anonymous_3)
FNF:4
FNH:2
FNDA:2,(anonymous_0)
FNDA:2,(anonymous_1)
FNDA:0,(anonymous_2)
FNDA:0,(anonymous_3)
DA:3,2
DA:17,2
DA:18,2
DA:21,2
DA:29,2
DA:40,0
DA:41,0
DA:44,2
LF:8
LH:6
BRDA:17,0,0,2
BRDA:17,0,1,0
BRDA:18,1,0,2
BRDA:18,1,1,0
BRDA:40,2,0,0
BRDA:40,2,1,0
BRDA:41,3,0,0
BRDA:41,3,1,0
BRF:8
BRH:2
end_of_record
TN:
SF:src/components/molecules/GraphicTotalGeneratedEnergyCenterLabel/GraphicTotalGeneratedEnergyCenterLabel.tsx
FN:9,(anonymous_0)
FNF:1
FNH:1
FNDA:1,(anonymous_0)
DA:9,1
DA:12,1
LF:2
LH:2
BRF:0
BRH:0
end_of_record
TN:
SF:src/components/molecules/GraphicTotalGeneratedEnergyCenterLabel/style.ts
FNF:0
FNH:0
DA:3,1
DA:8,1
LF:2
LH:2
BRF:0
BRH:0
end_of_record
TN:
SF:src/components/molecules/GraphicTotalGeneratedEnergyDot/GraphicTotalGeneratedEnergyDot.tsx
FN:9,(anonymous_0)
FNF:1
FNH:1
FNDA:3,(anonymous_0)
DA:9,2
DA:10,3
LF:2
LH:2
BRF:0
BRH:0
end_of_record
TN:
SF:src/components/molecules/GraphicTotalGeneratedEnergyDot/style.ts
FN:7,(anonymous_0)
FNF:1
FNH:1
FNDA:3,(anonymous_0)
DA:3,2
DA:7,3
LF:2
LH:2
BRF:0
BRH:0
end_of_record
TN:
SF:src/components/molecules/GraphicTotalGeneratedEnergyLegend/GraphicTotalGeneratedEnergyLegend.tsx
FN:12,(anonymous_0)
FNF:1
FNH:1
FNDA:1,(anonymous_0)
DA:12,1
DA:16,1
LF:2
LH:2
BRF:0
BRH:0
end_of_record
TN:
SF:src/components/molecules/GraphicTotalGeneratedEnergyLegend/style.ts
FNF:0
FNH:0
DA:3,1
DA:9,1
DA:16,1
LF:3
LH:3
BRF:0
BRH:0
end_of_record
TN:
SF:src/components/molecules/Header/Header.tsx
FN:7,(anonymous_0)
FN:11,(anonymous_1)
FNF:2
FNH:1
FNDA:1,(anonymous_0)
FNDA:0,(anonymous_1)
DA:7,1
DA:8,1
DA:11,0
LF:3
LH:2
BRF:0
BRH:0
end_of_record
TN:
SF:src/components/molecules/Header/style.ts
FNF:0
FNH:0
DA:3,1
LF:1
LH:1
BRF:0
BRH:0
end_of_record
